<?xml version="1.0" encoding="UTF-8"?>
<!-- Generated by org.testng.reporters.JUnitReportReporter -->
<testsuite skipped="0" hostname="anandakumar" name="com.selenium.diffbrowsers.LinkCount" tests="1" failures="0" timestamp="19 Feb 2018 15:54:53 GMT" time="10.818" errors="0">
  <testcase name="countinglink" time="10.818" classname="com.selenium.diffbrowsers.LinkCount"/>
</testsuite> <!-- com.selenium.diffbrowsers.LinkCount -->
