<?xml version="1.0" encoding="UTF-8"?>
<!-- Generated by org.testng.reporters.JUnitReportReporter -->
<testsuite skipped="0" hostname="anandakumar" name="com.selenium.diffbrowsers.Testcase01" tests="1" failures="0" timestamp="09 Apr 2018 01:10:49 GMT" time="6.330" errors="0">
  <testcase name="redbus" time="6.330" classname="com.selenium.diffbrowsers.Testcase01"/>
</testsuite> <!-- com.selenium.diffbrowsers.Testcase01 -->
