<?xml version="1.0" encoding="UTF-8"?>
<!-- Generated by org.testng.reporters.JUnitReportReporter -->
<testsuite skipped="0" hostname="anandakumar" name="com.selenium.diffbrowsers.Regularexpressiondemo" tests="1" failures="0" timestamp="26 Apr 2018 04:15:08 GMT" time="0.012" errors="0">
  <testcase name="regdemo" time="0.012" classname="com.selenium.diffbrowsers.Regularexpressiondemo"/>
</testsuite> <!-- com.selenium.diffbrowsers.Regularexpressiondemo -->
