<?xml version="1.0" encoding="UTF-8"?>
<!-- Generated by org.testng.reporters.JUnitReportReporter -->
<testsuite skipped="0" hostname="anandakumar" name="com.selenium.diffbrowsers.TestCase04WindowsHandleDemo" tests="1" failures="0" timestamp="21 Jan 2018 06:32:54 GMT" time="0.026" errors="0">
  <testcase name="strindem" time="0.026" classname="com.selenium.diffbrowsers.TestCase04WindowsHandleDemo"/>
</testsuite> <!-- com.selenium.diffbrowsers.TestCase04WindowsHandleDemo -->
