<?xml version="1.0" encoding="UTF-8"?>
<!-- Generated by org.testng.reporters.JUnitReportReporter -->
<testsuite skipped="0" hostname="anandakumar" name="com.selenium.diffbrowsers.Trial" tests="1" failures="0" timestamp="09 Apr 2018 01:09:09 GMT" time="10.107" errors="0">
  <testcase name="runclass" time="10.107" classname="com.selenium.diffbrowsers.Trial"/>
</testsuite> <!-- com.selenium.diffbrowsers.Trial -->
