<?xml version="1.0" encoding="UTF-8"?>
<!-- Generated by org.testng.reporters.JUnitReportReporter -->
<testsuite skipped="0" hostname="anandakumar" name="com.selenium.diffbrowsers.TestCase02LapEmi" tests="1" failures="0" timestamp="07 Jan 2018 03:08:30 GMT" time="12.197" errors="0">
  <testcase name="iebrowserlaunch" time="12.197" classname="com.selenium.diffbrowsers.TestCase02LapEmi"/>
</testsuite> <!-- com.selenium.diffbrowsers.TestCase02LapEmi -->
