<?xml version="1.0" encoding="UTF-8"?>
<!-- Generated by org.testng.reporters.JUnitReportReporter -->
<testsuite skipped="0" hostname="anandakumar" name="com.selenium.diffbrowsers.Trialclass" tests="3" failures="0" timestamp="06 Jan 2018 00:27:22 GMT" time="12.579" errors="0">
  <testcase name="paisabazzar" time="4.906" classname="com.selenium.diffbrowsers.Trialclass"/>
  <testcase name="redbus" time="3.254" classname="com.selenium.diffbrowsers.Trialclass"/>
  <testcase name="irctc" time="4.419" classname="com.selenium.diffbrowsers.Trialclass"/>
</testsuite> <!-- com.selenium.diffbrowsers.Trialclass -->
