<?xml version="1.0" encoding="UTF-8"?>
<!-- Generated by org.testng.reporters.JUnitReportReporter -->
<testsuite skipped="0" hostname="anandakumar" name="com.selenium.diffbrowsers.ExcelDataReading" tests="1" failures="0" timestamp="05 Jan 2018 23:32:28 GMT" time="0.152" errors="1">
  <testcase name="excelreading" time="0.152" classname="com.selenium.diffbrowsers.ExcelDataReading">
    <error type="java.lang.NoSuchMethodError" message="org.apache.poi.util.POILogger.log(ILjava/lang/Object;Ljava/lang/Throwable;)V">
      <![CDATA[java.lang.NoSuchMethodError: org.apache.poi.util.POILogger.log(ILjava/lang/Object;Ljava/lang/Throwable;)Vat org.apache.poi.util.DocumentHelper.trySetXercesSecurityManager(DocumentHelper.java:84)at org.apache.poi.util.DocumentHelper.<clinit>(DocumentHelper.java:57)at org.apache.poi.openxml4j.opc.internal.ContentTypeManager.parseContentTypesFile(ContentTypeManager.java:376)at org.apache.poi.openxml4j.opc.internal.ContentTypeManager.<init>(ContentTypeManager.java:102)at org.apache.poi.openxml4j.opc.internal.ZipContentTypeManager.<init>(ZipContentTypeManager.java:54)at org.apache.poi.openxml4j.opc.ZipPackage.getPartsImpl(ZipPackage.java:192)at org.apache.poi.openxml4j.opc.OPCPackage.getParts(OPCPackage.java:684)at org.apache.poi.openxml4j.opc.OPCPackage.open(OPCPackage.java:275)at org.apache.poi.util.PackageHelper.open(PackageHelper.java:37)at org.apache.poi.xssf.usermodel.XSSFWorkbook.<init>(XSSFWorkbook.java:266)at com.selenium.diffbrowsers.ExcelDataReading.excelreading(ExcelDataReading.java:14)at sun.reflect.NativeMethodAccessorImpl.invoke0(Native Method)at sun.reflect.NativeMethodAccessorImpl.invoke(NativeMethodAccessorImpl.java:62)at sun.reflect.DelegatingMethodAccessorImpl.invoke(DelegatingMethodAccessorImpl.java:43)at java.lang.reflect.Method.invoke(Method.java:498)at org.testng.internal.MethodInvocationHelper.invokeMethod(MethodInvocationHelper.java:124)at org.testng.internal.Invoker.invokeMethod(Invoker.java:571)at org.testng.internal.Invoker.invokeTestMethod(Invoker.java:707)at org.testng.internal.Invoker.invokeTestMethods(Invoker.java:979)at org.testng.internal.TestMethodWorker.invokeTestMethods(TestMethodWorker.java:125)at org.testng.internal.TestMethodWorker.run(TestMethodWorker.java:109)at org.testng.TestRunner.privateRun(TestRunner.java:648)at org.testng.TestRunner.run(TestRunner.java:505)at org.testng.SuiteRunner.runTest(SuiteRunner.java:455)at org.testng.SuiteRunner.runSequentially(SuiteRunner.java:450)at org.testng.SuiteRunner.privateRun(SuiteRunner.java:415)at org.testng.SuiteRunner.run(SuiteRunner.java:364)at org.testng.SuiteRunnerWorker.runSuite(SuiteRunnerWorker.java:52)at org.testng.SuiteRunnerWorker.run(SuiteRunnerWorker.java:84)at org.testng.TestNG.runSuitesSequentially(TestNG.java:1187)at org.testng.TestNG.runSuitesLocally(TestNG.java:1116)at org.testng.TestNG.runSuites(TestNG.java:1028)at org.testng.TestNG.run(TestNG.java:996)at org.testng.remote.AbstractRemoteTestNG.run(AbstractRemoteTestNG.java:114)at org.testng.remote.RemoteTestNG.initAndRun(RemoteTestNG.java:251)at org.testng.remote.RemoteTestNG.main(RemoteTestNG.java:77)]]>
    </error>
  </testcase> <!-- excelreading -->
</testsuite> <!-- com.selenium.diffbrowsers.ExcelDataReading -->
