<?xml version="1.0" encoding="UTF-8"?>
<!-- Generated by org.testng.reporters.JUnitReportReporter -->
<testsuite skipped="0" hostname="anandakumar" name="com.selenium.diffbrowsers.Launchingdifferbrowsers" tests="1" failures="0" timestamp="12 Dec 2017 00:41:20 GMT" time="19.889" errors="0">
  <testcase name="chromebrowserlaunch" time="19.889" classname="com.selenium.diffbrowsers.Launchingdifferbrowsers"/>
</testsuite> <!-- com.selenium.diffbrowsers.Launchingdifferbrowsers -->
