<?xml version="1.0" encoding="UTF-8"?>
<!-- Generated by org.testng.reporters.JUnitReportReporter -->
<testsuite skipped="0" hostname="anandakumar" name="com.selenium.diffbrowsers.Trialclass2" tests="1" failures="0" timestamp="06 Jan 2018 13:51:56 GMT" time="11.524" errors="0">
  <testcase name="invokechrome" time="11.524" classname="com.selenium.diffbrowsers.Trialclass2"/>
</testsuite> <!-- com.selenium.diffbrowsers.Trialclass2 -->
