<?xml version="1.0" encoding="UTF-8"?>
<!-- Generated by org.testng.reporters.JUnitReportReporter -->
<testsuite skipped="0" hostname="anandakumar" name="com.selenium.diffbrowsers.Testcase03MultipleMethods" tests="2" failures="0" timestamp="24 Jan 2018 01:10:47 GMT" time="26.867" errors="0">
  <testcase name="redbus" time="9.577" classname="com.selenium.diffbrowsers.Testcase03MultipleMethods"/>
  <testcase name="irctc" time="17.290" classname="com.selenium.diffbrowsers.Testcase03MultipleMethods"/>
</testsuite> <!-- com.selenium.diffbrowsers.Testcase03MultipleMethods -->
