<?xml version="1.0" encoding="UTF-8"?>
<!-- Generated by org.testng.reporters.JUnitReportReporter -->
<testsuite skipped="0" hostname="anandakumar" name="com.selenium.diffbrowsers.WindowsHandleDemo" tests="1" failures="0" timestamp="07 Jan 2018 02:11:09 GMT" time="28.371" errors="0">
  <testcase name="winhandle" time="28.371" classname="com.selenium.diffbrowsers.WindowsHandleDemo"/>
</testsuite> <!-- com.selenium.diffbrowsers.WindowsHandleDemo -->
